<?xml version="1.0" encoding="UTF-8"?>
<testng-results ignored="0" total="1" passed="1" failed="0" skipped="0">
  <reporter-output>
  </reporter-output>
  <suite started-at="2025-08-17T17:28:11 IST" name="Suite" finished-at="2025-08-17T17:28:55 IST" duration-ms="43677">
    <groups>
    </groups>
    <test started-at="2025-08-17T17:28:11 IST" name="Test" finished-at="2025-08-17T17:28:55 IST" duration-ms="43677">
      <class name="mavendemo.testing.MavenDemo">
        <test-method signature="setUp()[pri:0, instance:mavendemo.testing.MavenDemo@49139829]" started-at="2025-08-17T17:28:11 IST" name="setUp" finished-at="2025-08-17T17:28:55 IST" duration-ms="43575" status="PASS">
          <reporter-output>
          </reporter-output>
        </test-method> <!-- setUp -->
      </class> <!-- mavendemo.testing.MavenDemo -->
    </test> <!-- Test -->
  </suite> <!-- Suite -->
</testng-results>
